[ 2015-06-03T22:40:30+08:00 ] ::1 /thinkphp/index.php/admin/index
INFO: [ app_init ] --START--
INFO: Run Behavior\BuildLiteBehavior [ RunTime:0.000000s ]
INFO: [ app_init ] --END-- [ RunTime:0.223012s ]
INFO: [ app_begin ] --START--
INFO: Run Behavior\ReadHtmlCacheBehavior [ RunTime:0.060003s ]
INFO: [ app_begin ] --END-- [ RunTime:0.060003s ]
ERR: 无法加载控制器:Index

[ 2015-06-03T22:41:05+08:00 ] ::1 /thinkphp/index.php/admin/Navigation
INFO: [ app_init ] --START--
INFO: Run Behavior\BuildLiteBehavior [ RunTime:0.000000s ]
INFO: [ app_init ] --END-- [ RunTime:0.001000s ]
INFO: [ app_begin ] --START--
INFO: Run Behavior\ReadHtmlCacheBehavior [ RunTime:0.000000s ]
INFO: [ app_begin ] --END-- [ RunTime:0.000000s ]
INFO: [ view_parse ] --START--
INFO: [ template_filter ] --START--
INFO: Run Behavior\ContentReplaceBehavior [ RunTime:0.000000s ]
INFO: [ template_filter ] --END-- [ RunTime:0.000000s ]
NOTIC: [8192] mysql_query(): The mysql extension is deprecated and will be removed in the future: use mysqli or PDO instead D:\Program Files\xampp\htdocs\thinkphp\Application\Runtime\Cache\Admin\33c76b39ba8e8172c58702e5724629e5.php 第 14 行.
NOTIC: [2] mysql_fetch_row() expects parameter 1 to be resource, boolean given D:\Program Files\xampp\htdocs\thinkphp\Application\Runtime\Cache\Admin\33c76b39ba8e8172c58702e5724629e5.php 第 14 行.
NOTIC: [2] mysql_fetch_row() expects parameter 1 to be resource, boolean given D:\Program Files\xampp\htdocs\thinkphp\Application\Runtime\Cache\Admin\33c76b39ba8e8172c58702e5724629e5.php 第 22 行.
NOTIC: [2] mysql_fetch_row() expects parameter 1 to be resource, boolean given D:\Program Files\xampp\htdocs\thinkphp\Application\Runtime\Cache\Admin\33c76b39ba8e8172c58702e5724629e5.php 第 30 行.
NOTIC: [2] mysql_fetch_row() expects parameter 1 to be resource, boolean given D:\Program Files\xampp\htdocs\thinkphp\Application\Runtime\Cache\Admin\33c76b39ba8e8172c58702e5724629e5.php 第 38 行.
NOTIC: [2] mysql_fetch_row() expects parameter 1 to be resource, boolean given D:\Program Files\xampp\htdocs\thinkphp\Application\Runtime\Cache\Admin\33c76b39ba8e8172c58702e5724629e5.php 第 46 行.
NOTIC: [2] mysql_fetch_row() expects parameter 1 to be resource, boolean given D:\Program Files\xampp\htdocs\thinkphp\Application\Runtime\Cache\Admin\33c76b39ba8e8172c58702e5724629e5.php 第 54 行.
NOTIC: [2] mysql_fetch_row() expects parameter 1 to be resource, boolean given D:\Program Files\xampp\htdocs\thinkphp\Application\Runtime\Cache\Admin\33c76b39ba8e8172c58702e5724629e5.php 第 62 行.
NOTIC: [2] mysql_fetch_row() expects parameter 1 to be resource, boolean given D:\Program Files\xampp\htdocs\thinkphp\Application\Runtime\Cache\Admin\33c76b39ba8e8172c58702e5724629e5.php 第 70 行.
NOTIC: [2] mysql_fetch_row() expects parameter 1 to be resource, boolean given D:\Program Files\xampp\htdocs\thinkphp\Application\Runtime\Cache\Admin\33c76b39ba8e8172c58702e5724629e5.php 第 78 行.
NOTIC: [2] mysql_fetch_row() expects parameter 1 to be resource, boolean given D:\Program Files\xampp\htdocs\thinkphp\Application\Runtime\Cache\Admin\33c76b39ba8e8172c58702e5724629e5.php 第 86 行.
INFO: Run Behavior\ParseTemplateBehavior [ RunTime:0.732041s ]
INFO: [ view_parse ] --END-- [ RunTime:0.733042s ]
INFO: [ view_filter ] --START--
INFO: Run Behavior\WriteHtmlCacheBehavior [ RunTime:0.015001s ]
INFO: [ view_filter ] --END-- [ RunTime:0.015001s ]
INFO: [ app_end ] --START--
INFO: Run Behavior\ShowPageTraceBehavior [ RunTime:0.021001s ]
INFO: [ app_end ] --END-- [ RunTime:0.021001s ]

[ 2015-06-03T22:42:54+08:00 ] ::1 /thinkphp/index.php/admin/Navigation/navigation
INFO: [ app_init ] --START--
INFO: Run Behavior\BuildLiteBehavior [ RunTime:0.000000s ]
INFO: [ app_init ] --END-- [ RunTime:0.000000s ]
INFO: [ app_begin ] --START--
INFO: Run Behavior\ReadHtmlCacheBehavior [ RunTime:0.001000s ]
INFO: [ app_begin ] --END-- [ RunTime:0.001000s ]
ERR: 非法操作:navigation

[ 2015-06-03T22:43:32+08:00 ] ::1 /thinkphp/index.php/admin/Navigation/navi
INFO: [ app_init ] --START--
INFO: Run Behavior\BuildLiteBehavior [ RunTime:0.000000s ]
INFO: [ app_init ] --END-- [ RunTime:0.000000s ]
INFO: [ app_begin ] --START--
INFO: Run Behavior\ReadHtmlCacheBehavior [ RunTime:0.000000s ]
INFO: [ app_begin ] --END-- [ RunTime:0.000000s ]
ERR: 非法操作:navi

[ 2015-06-03T22:44:05+08:00 ] ::1 /thinkphp/index.php/admin/Navigation
INFO: [ app_init ] --START--
INFO: Run Behavior\BuildLiteBehavior [ RunTime:0.000000s ]
INFO: [ app_init ] --END-- [ RunTime:0.000000s ]
INFO: [ app_begin ] --START--
INFO: Run Behavior\ReadHtmlCacheBehavior [ RunTime:0.000000s ]
INFO: [ app_begin ] --END-- [ RunTime:0.000000s ]
INFO: [ view_parse ] --START--
INFO: [ template_filter ] --START--
INFO: Run Behavior\ContentReplaceBehavior [ RunTime:0.000000s ]
INFO: [ template_filter ] --END-- [ RunTime:0.000000s ]
NOTIC: [8192] mysql_query(): The mysql extension is deprecated and will be removed in the future: use mysqli or PDO instead D:\Program Files\xampp\htdocs\thinkphp\Application\Runtime\Cache\Admin\33c76b39ba8e8172c58702e5724629e5.php 第 14 行.
NOTIC: [2] mysql_fetch_row() expects parameter 1 to be resource, boolean given D:\Program Files\xampp\htdocs\thinkphp\Application\Runtime\Cache\Admin\33c76b39ba8e8172c58702e5724629e5.php 第 14 行.
NOTIC: [2] mysql_fetch_row() expects parameter 1 to be resource, boolean given D:\Program Files\xampp\htdocs\thinkphp\Application\Runtime\Cache\Admin\33c76b39ba8e8172c58702e5724629e5.php 第 22 行.
NOTIC: [2] mysql_fetch_row() expects parameter 1 to be resource, boolean given D:\Program Files\xampp\htdocs\thinkphp\Application\Runtime\Cache\Admin\33c76b39ba8e8172c58702e5724629e5.php 第 30 行.
NOTIC: [2] mysql_fetch_row() expects parameter 1 to be resource, boolean given D:\Program Files\xampp\htdocs\thinkphp\Application\Runtime\Cache\Admin\33c76b39ba8e8172c58702e5724629e5.php 第 38 行.
NOTIC: [2] mysql_fetch_row() expects parameter 1 to be resource, boolean given D:\Program Files\xampp\htdocs\thinkphp\Application\Runtime\Cache\Admin\33c76b39ba8e8172c58702e5724629e5.php 第 46 行.
NOTIC: [2] mysql_fetch_row() expects parameter 1 to be resource, boolean given D:\Program Files\xampp\htdocs\thinkphp\Application\Runtime\Cache\Admin\33c76b39ba8e8172c58702e5724629e5.php 第 54 行.
NOTIC: [2] mysql_fetch_row() expects parameter 1 to be resource, boolean given D:\Program Files\xampp\htdocs\thinkphp\Application\Runtime\Cache\Admin\33c76b39ba8e8172c58702e5724629e5.php 第 62 行.
NOTIC: [2] mysql_fetch_row() expects parameter 1 to be resource, boolean given D:\Program Files\xampp\htdocs\thinkphp\Application\Runtime\Cache\Admin\33c76b39ba8e8172c58702e5724629e5.php 第 70 行.
NOTIC: [2] mysql_fetch_row() expects parameter 1 to be resource, boolean given D:\Program Files\xampp\htdocs\thinkphp\Application\Runtime\Cache\Admin\33c76b39ba8e8172c58702e5724629e5.php 第 78 行.
NOTIC: [2] mysql_fetch_row() expects parameter 1 to be resource, boolean given D:\Program Files\xampp\htdocs\thinkphp\Application\Runtime\Cache\Admin\33c76b39ba8e8172c58702e5724629e5.php 第 86 行.
INFO: Run Behavior\ParseTemplateBehavior [ RunTime:0.016001s ]
INFO: [ view_parse ] --END-- [ RunTime:0.016001s ]
INFO: [ view_filter ] --START--
INFO: Run Behavior\WriteHtmlCacheBehavior [ RunTime:0.000000s ]
INFO: [ view_filter ] --END-- [ RunTime:0.000000s ]
INFO: [ app_end ] --START--
INFO: Run Behavior\ShowPageTraceBehavior [ RunTime:0.001000s ]
INFO: [ app_end ] --END-- [ RunTime:0.001000s ]

[ 2015-06-03T22:44:42+08:00 ] ::1 /thinkphp/index.php/admin/navigation/copyright
INFO: [ app_init ] --START--
INFO: Run Behavior\BuildLiteBehavior [ RunTime:0.000000s ]
INFO: [ app_init ] --END-- [ RunTime:0.000000s ]
INFO: [ app_begin ] --START--
INFO: Run Behavior\ReadHtmlCacheBehavior [ RunTime:0.000000s ]
INFO: [ app_begin ] --END-- [ RunTime:0.000000s ]
INFO: [ view_parse ] --START--
INFO: [ template_filter ] --START--
INFO: Run Behavior\ContentReplaceBehavior [ RunTime:0.000000s ]
INFO: [ template_filter ] --END-- [ RunTime:0.000000s ]
NOTIC: [2] include(connect.php): failed to open stream: No such file or directory D:\Program Files\xampp\htdocs\thinkphp\Application\Runtime\Cache\Admin\1a453455e0f34228f4436bc5e073c45e.php 第 9 行.
NOTIC: [2] include(): Failed opening 'connect.php' for inclusion (include_path='.;D:\Program Files\xampp\php\PEAR') D:\Program Files\xampp\htdocs\thinkphp\Application\Runtime\Cache\Admin\1a453455e0f34228f4436bc5e073c45e.php 第 9 行.
NOTIC: [8192] mysql_query(): The mysql extension is deprecated and will be removed in the future: use mysqli or PDO instead D:\Program Files\xampp\htdocs\thinkphp\Application\Runtime\Cache\Admin\1a453455e0f34228f4436bc5e073c45e.php 第 9 行.
NOTIC: [2] mysql_fetch_row() expects parameter 1 to be resource, boolean given D:\Program Files\xampp\htdocs\thinkphp\Application\Runtime\Cache\Admin\1a453455e0f34228f4436bc5e073c45e.php 第 28 行.
NOTIC: [2] mysql_fetch_row() expects parameter 1 to be resource, boolean given D:\Program Files\xampp\htdocs\thinkphp\Application\Runtime\Cache\Admin\1a453455e0f34228f4436bc5e073c45e.php 第 40 行.
INFO: Run Behavior\ParseTemplateBehavior [ RunTime:0.313018s ]
INFO: [ view_parse ] --END-- [ RunTime:0.313018s ]
INFO: [ view_filter ] --START--
INFO: Run Behavior\WriteHtmlCacheBehavior [ RunTime:0.000000s ]
INFO: [ view_filter ] --END-- [ RunTime:0.000000s ]
INFO: [ app_end ] --START--
INFO: Run Behavior\ShowPageTraceBehavior [ RunTime:0.000000s ]
INFO: [ app_end ] --END-- [ RunTime:0.000000s ]

