[ 2015-06-01T20:26:56+08:00 ] ::1 /thinkphp/index.php/admin/index
INFO: [ app_init ] --START--
INFO: Run Behavior\BuildLiteBehavior [ RunTime:0.000000s ]
INFO: [ app_init ] --END-- [ RunTime:0.002000s ]
INFO: [ app_begin ] --START--
INFO: Run Behavior\ReadHtmlCacheBehavior [ RunTime:0.001000s ]
INFO: [ app_begin ] --END-- [ RunTime:0.001000s ]
INFO: [ app_end ] --START--
INFO: Run Behavior\ShowPageTraceBehavior [ RunTime:0.000000s ]
INFO: [ app_end ] --END-- [ RunTime:0.000000s ]

[ 2015-06-01T21:10:14+08:00 ] ::1 /thinkphp/index.php/admin/View/index.html
INFO: [ app_init ] --START--
INFO: Run Behavior\BuildLiteBehavior [ RunTime:0.000000s ]
INFO: [ app_init ] --END-- [ RunTime:0.000000s ]
INFO: [ app_begin ] --START--
INFO: Run Behavior\ReadHtmlCacheBehavior [ RunTime:0.000000s ]
INFO: [ app_begin ] --END-- [ RunTime:0.000000s ]
ERR: 无法加载控制器:View

[ 2015-06-01T21:10:57+08:00 ] ::1 /thinkphp/index.php/Admin/View/index.html
INFO: [ app_init ] --START--
INFO: Run Behavior\BuildLiteBehavior [ RunTime:0.000000s ]
INFO: [ app_init ] --END-- [ RunTime:0.001000s ]
INFO: [ app_begin ] --START--
INFO: Run Behavior\ReadHtmlCacheBehavior [ RunTime:0.000000s ]
INFO: [ app_begin ] --END-- [ RunTime:0.001000s ]
ERR: 无法加载控制器:View

[ 2015-06-01T21:13:55+08:00 ] ::1 /thinkphp/index.php/Admin/index.html
INFO: [ app_init ] --START--
INFO: Run Behavior\BuildLiteBehavior [ RunTime:0.000000s ]
INFO: [ app_init ] --END-- [ RunTime:0.001000s ]
INFO: [ app_begin ] --START--
INFO: Run Behavior\ReadHtmlCacheBehavior [ RunTime:0.001000s ]
INFO: [ app_begin ] --END-- [ RunTime:0.001000s ]
INFO: [ app_end ] --START--
INFO: Run Behavior\ShowPageTraceBehavior [ RunTime:0.001000s ]
INFO: [ app_end ] --END-- [ RunTime:0.001000s ]

[ 2015-06-01T21:17:37+08:00 ] ::1 /thinkphp/index.php/admin/index
INFO: [ app_init ] --START--
INFO: Run Behavior\BuildLiteBehavior [ RunTime:0.000000s ]
INFO: [ app_init ] --END-- [ RunTime:0.000000s ]
INFO: [ app_begin ] --START--
INFO: Run Behavior\ReadHtmlCacheBehavior [ RunTime:0.001000s ]
INFO: [ app_begin ] --END-- [ RunTime:0.001000s ]
INFO: [ app_end ] --START--
INFO: Run Behavior\ShowPageTraceBehavior [ RunTime:0.001000s ]
INFO: [ app_end ] --END-- [ RunTime:0.001000s ]

[ 2015-06-01T21:17:48+08:00 ] ::1 /thinkphp/index.php/admin/view/index
INFO: [ app_init ] --START--
INFO: Run Behavior\BuildLiteBehavior [ RunTime:0.000000s ]
INFO: [ app_init ] --END-- [ RunTime:0.000000s ]
INFO: [ app_begin ] --START--
INFO: Run Behavior\ReadHtmlCacheBehavior [ RunTime:0.001000s ]
INFO: [ app_begin ] --END-- [ RunTime:0.001000s ]
ERR: 无法加载控制器:View

[ 2015-06-01T21:18:01+08:00 ] ::1 /thinkphp/index.php/admin/view/index/index
INFO: [ app_init ] --START--
INFO: Run Behavior\BuildLiteBehavior [ RunTime:0.000000s ]
INFO: [ app_init ] --END-- [ RunTime:0.001000s ]
INFO: [ app_begin ] --START--
INFO: Run Behavior\ReadHtmlCacheBehavior [ RunTime:0.000000s ]
INFO: [ app_begin ] --END-- [ RunTime:0.000000s ]
ERR: 无法加载控制器:View

[ 2015-06-01T21:18:12+08:00 ] ::1 /thinkphp/index.php/admin/view/index
INFO: [ app_init ] --START--
INFO: Run Behavior\BuildLiteBehavior [ RunTime:0.000000s ]
INFO: [ app_init ] --END-- [ RunTime:0.001000s ]
INFO: [ app_begin ] --START--
INFO: Run Behavior\ReadHtmlCacheBehavior [ RunTime:0.001000s ]
INFO: [ app_begin ] --END-- [ RunTime:0.001000s ]
ERR: 无法加载控制器:View

[ 2015-06-01T21:20:22+08:00 ] ::1 /thinkphp/index.php/admin/index
INFO: [ app_init ] --START--
INFO: Run Behavior\BuildLiteBehavior [ RunTime:0.000000s ]
INFO: [ app_init ] --END-- [ RunTime:0.000000s ]
INFO: [ app_begin ] --START--
INFO: Run Behavior\ReadHtmlCacheBehavior [ RunTime:0.001000s ]
INFO: [ app_begin ] --END-- [ RunTime:0.001000s ]
INFO: [ app_end ] --START--
INFO: Run Behavior\ShowPageTraceBehavior [ RunTime:0.001000s ]
INFO: [ app_end ] --END-- [ RunTime:0.001000s ]

[ 2015-06-01T21:20:27+08:00 ] ::1 /thinkphp/index.php/admin/index
INFO: [ app_init ] --START--
INFO: Run Behavior\BuildLiteBehavior [ RunTime:0.000000s ]
INFO: [ app_init ] --END-- [ RunTime:0.001000s ]
INFO: [ app_begin ] --START--
INFO: Run Behavior\ReadHtmlCacheBehavior [ RunTime:0.000000s ]
INFO: [ app_begin ] --END-- [ RunTime:0.001000s ]
INFO: [ app_end ] --START--
INFO: Run Behavior\ShowPageTraceBehavior [ RunTime:0.001000s ]
INFO: [ app_end ] --END-- [ RunTime:0.001000s ]

[ 2015-06-01T21:23:03+08:00 ] ::1 /thinkphp/index.php/admin/index
INFO: [ app_init ] --START--
INFO: Run Behavior\BuildLiteBehavior [ RunTime:0.000000s ]
INFO: [ app_init ] --END-- [ RunTime:0.001000s ]
INFO: [ app_begin ] --START--
INFO: Run Behavior\ReadHtmlCacheBehavior [ RunTime:0.001000s ]
INFO: [ app_begin ] --END-- [ RunTime:0.001000s ]
ERR: 模板不存在:./Application/Admin/View/Index/index.html

[ 2015-06-01T21:23:25+08:00 ] ::1 /thinkphp/index.php/admin/index
INFO: [ app_init ] --START--
INFO: Run Behavior\BuildLiteBehavior [ RunTime:0.000000s ]
INFO: [ app_init ] --END-- [ RunTime:0.000000s ]
INFO: [ app_begin ] --START--
INFO: Run Behavior\ReadHtmlCacheBehavior [ RunTime:0.001000s ]
INFO: [ app_begin ] --END-- [ RunTime:0.001000s ]
ERR: 模板不存在:./Application/Admin/View/Index/index.html

[ 2015-06-01T21:23:26+08:00 ] ::1 /thinkphp/index.php/admin/index
INFO: [ app_init ] --START--
INFO: Run Behavior\BuildLiteBehavior [ RunTime:0.000000s ]
INFO: [ app_init ] --END-- [ RunTime:0.000000s ]
INFO: [ app_begin ] --START--
INFO: Run Behavior\ReadHtmlCacheBehavior [ RunTime:0.001000s ]
INFO: [ app_begin ] --END-- [ RunTime:0.001000s ]
ERR: 模板不存在:./Application/Admin/View/Index/index.html

[ 2015-06-01T21:23:38+08:00 ] ::1 /thinkphp/index.php/admin/index
INFO: [ app_init ] --START--
INFO: Run Behavior\BuildLiteBehavior [ RunTime:0.000000s ]
INFO: [ app_init ] --END-- [ RunTime:0.000000s ]
INFO: [ app_begin ] --START--
INFO: Run Behavior\ReadHtmlCacheBehavior [ RunTime:0.000000s ]
INFO: [ app_begin ] --END-- [ RunTime:0.000000s ]
INFO: [ app_end ] --START--
INFO: Run Behavior\ShowPageTraceBehavior [ RunTime:0.001000s ]
INFO: [ app_end ] --END-- [ RunTime:0.001000s ]

[ 2015-06-01T21:24:31+08:00 ] ::1 /thinkphp/index.php/admin/index
INFO: [ app_init ] --START--
INFO: Run Behavior\BuildLiteBehavior [ RunTime:0.000000s ]
INFO: [ app_init ] --END-- [ RunTime:0.000000s ]
INFO: [ app_begin ] --START--
INFO: Run Behavior\ReadHtmlCacheBehavior [ RunTime:0.000000s ]
INFO: [ app_begin ] --END-- [ RunTime:0.001000s ]
ERR: 模板不存在:./Application/Admin/View/Index/index.html

[ 2015-06-01T21:24:49+08:00 ] ::1 /thinkphp/index.php/admin/index
INFO: [ app_init ] --START--
INFO: Run Behavior\BuildLiteBehavior [ RunTime:0.000000s ]
INFO: [ app_init ] --END-- [ RunTime:0.001000s ]
INFO: [ app_begin ] --START--
INFO: Run Behavior\ReadHtmlCacheBehavior [ RunTime:0.001000s ]
INFO: [ app_begin ] --END-- [ RunTime:0.001000s ]

[ 2015-06-01T21:25:13+08:00 ] ::1 /thinkphp/index.php/admin/index
INFO: [ app_init ] --START--
INFO: Run Behavior\BuildLiteBehavior [ RunTime:0.000000s ]
INFO: [ app_init ] --END-- [ RunTime:0.000000s ]
INFO: [ app_begin ] --START--
INFO: Run Behavior\ReadHtmlCacheBehavior [ RunTime:0.001000s ]
INFO: [ app_begin ] --END-- [ RunTime:0.002000s ]
ERR: 模板不存在:./Application/Admin/View/Index/index.html

[ 2015-06-01T21:25:47+08:00 ] ::1 /thinkphp/index.php/admin/index/index
INFO: [ app_init ] --START--
INFO: Run Behavior\BuildLiteBehavior [ RunTime:0.000000s ]
INFO: [ app_init ] --END-- [ RunTime:0.000000s ]
INFO: [ app_begin ] --START--
INFO: Run Behavior\ReadHtmlCacheBehavior [ RunTime:0.001000s ]
INFO: [ app_begin ] --END-- [ RunTime:0.001000s ]
ERR: 模板不存在:./Application/Admin/View/Index/index.html

[ 2015-06-01T21:27:51+08:00 ] ::1 /thinkphp/index.php/admin/index/index
INFO: [ app_init ] --START--
INFO: Run Behavior\BuildLiteBehavior [ RunTime:0.000000s ]
INFO: [ app_init ] --END-- [ RunTime:0.000000s ]
INFO: [ app_begin ] --START--
INFO: Run Behavior\ReadHtmlCacheBehavior [ RunTime:0.000000s ]
INFO: [ app_begin ] --END-- [ RunTime:0.000000s ]
INFO: [ view_parse ] --START--
INFO: [ template_filter ] --START--
INFO: Run Behavior\ContentReplaceBehavior [ RunTime:0.000000s ]
INFO: [ template_filter ] --END-- [ RunTime:0.000000s ]
NOTIC: [8192] mysql_query(): The mysql extension is deprecated and will be removed in the future: use mysqli or PDO instead D:\Program Files\xampp\htdocs\thinkphp\Application\Runtime\Cache\Admin\b595b808c2ebeeeb0478ffc30bb4e87a.php 第 14 行.
NOTIC: [2] mysql_fetch_row() expects parameter 1 to be resource, boolean given D:\Program Files\xampp\htdocs\thinkphp\Application\Runtime\Cache\Admin\b595b808c2ebeeeb0478ffc30bb4e87a.php 第 14 行.
NOTIC: [2] mysql_fetch_row() expects parameter 1 to be resource, boolean given D:\Program Files\xampp\htdocs\thinkphp\Application\Runtime\Cache\Admin\b595b808c2ebeeeb0478ffc30bb4e87a.php 第 22 行.
NOTIC: [2] mysql_fetch_row() expects parameter 1 to be resource, boolean given D:\Program Files\xampp\htdocs\thinkphp\Application\Runtime\Cache\Admin\b595b808c2ebeeeb0478ffc30bb4e87a.php 第 30 行.
NOTIC: [2] mysql_fetch_row() expects parameter 1 to be resource, boolean given D:\Program Files\xampp\htdocs\thinkphp\Application\Runtime\Cache\Admin\b595b808c2ebeeeb0478ffc30bb4e87a.php 第 38 行.
NOTIC: [2] mysql_fetch_row() expects parameter 1 to be resource, boolean given D:\Program Files\xampp\htdocs\thinkphp\Application\Runtime\Cache\Admin\b595b808c2ebeeeb0478ffc30bb4e87a.php 第 46 行.
NOTIC: [2] mysql_fetch_row() expects parameter 1 to be resource, boolean given D:\Program Files\xampp\htdocs\thinkphp\Application\Runtime\Cache\Admin\b595b808c2ebeeeb0478ffc30bb4e87a.php 第 54 行.
NOTIC: [2] mysql_fetch_row() expects parameter 1 to be resource, boolean given D:\Program Files\xampp\htdocs\thinkphp\Application\Runtime\Cache\Admin\b595b808c2ebeeeb0478ffc30bb4e87a.php 第 62 行.
NOTIC: [2] mysql_fetch_row() expects parameter 1 to be resource, boolean given D:\Program Files\xampp\htdocs\thinkphp\Application\Runtime\Cache\Admin\b595b808c2ebeeeb0478ffc30bb4e87a.php 第 70 行.
NOTIC: [2] mysql_fetch_row() expects parameter 1 to be resource, boolean given D:\Program Files\xampp\htdocs\thinkphp\Application\Runtime\Cache\Admin\b595b808c2ebeeeb0478ffc30bb4e87a.php 第 78 行.
NOTIC: [2] mysql_fetch_row() expects parameter 1 to be resource, boolean given D:\Program Files\xampp\htdocs\thinkphp\Application\Runtime\Cache\Admin\b595b808c2ebeeeb0478ffc30bb4e87a.php 第 86 行.
INFO: Run Behavior\ParseTemplateBehavior [ RunTime:0.141008s ]
INFO: [ view_parse ] --END-- [ RunTime:0.141008s ]
INFO: [ view_filter ] --START--
INFO: Run Behavior\WriteHtmlCacheBehavior [ RunTime:0.013001s ]
INFO: [ view_filter ] --END-- [ RunTime:0.013001s ]
INFO: [ app_end ] --START--
INFO: Run Behavior\ShowPageTraceBehavior [ RunTime:0.001000s ]
INFO: [ app_end ] --END-- [ RunTime:0.001000s ]

[ 2015-06-01T21:27:51+08:00 ] ::1 /thinkphp/index.php/admin/common/images/friend_link/link_01.png
INFO: [ app_init ] --START--
INFO: Run Behavior\BuildLiteBehavior [ RunTime:0.000000s ]
INFO: [ app_init ] --END-- [ RunTime:0.000000s ]

[ 2015-06-01T21:27:51+08:00 ] ::1 /thinkphp/index.php/admin/common/images/friend_link/link_02.png
INFO: [ app_init ] --START--
INFO: Run Behavior\BuildLiteBehavior [ RunTime:0.000000s ]
INFO: [ app_init ] --END-- [ RunTime:0.001000s ]

[ 2015-06-01T21:27:51+08:00 ] ::1 /thinkphp/index.php/admin/common/images/friend_link/link_07.png
INFO: [ app_init ] --START--
INFO: Run Behavior\BuildLiteBehavior [ RunTime:0.000000s ]
INFO: [ app_init ] --END-- [ RunTime:0.001000s ]

[ 2015-06-01T21:27:51+08:00 ] ::1 /thinkphp/index.php/admin/common/images/friend_link/link_08.png
INFO: [ app_init ] --START--
INFO: Run Behavior\BuildLiteBehavior [ RunTime:0.000000s ]
INFO: [ app_init ] --END-- [ RunTime:0.001000s ]

[ 2015-06-01T21:27:51+08:00 ] ::1 /thinkphp/index.php/admin/common/images/friend_link/link_09.png
INFO: [ app_init ] --START--
INFO: Run Behavior\BuildLiteBehavior [ RunTime:0.000000s ]
INFO: [ app_init ] --END-- [ RunTime:0.000000s ]

[ 2015-06-01T21:27:51+08:00 ] ::1 /thinkphp/index.php/admin/common/images/friend_link/link_04.png
INFO: [ app_init ] --START--
INFO: Run Behavior\BuildLiteBehavior [ RunTime:0.000000s ]
INFO: [ app_init ] --END-- [ RunTime:0.000000s ]

[ 2015-06-01T21:27:51+08:00 ] ::1 /thinkphp/index.php/admin/common/images/friend_link/link_03.png
INFO: [ app_init ] --START--
INFO: Run Behavior\BuildLiteBehavior [ RunTime:0.001000s ]
INFO: [ app_init ] --END-- [ RunTime:0.001000s ]

[ 2015-06-01T21:27:51+08:00 ] ::1 /thinkphp/index.php/admin/common/images/friend_link/link_10.png
INFO: [ app_init ] --START--
INFO: Run Behavior\BuildLiteBehavior [ RunTime:0.000000s ]
INFO: [ app_init ] --END-- [ RunTime:0.001000s ]

[ 2015-06-01T21:27:51+08:00 ] ::1 /thinkphp/index.php/admin/common/images/friend_link/link_05.png
INFO: [ app_init ] --START--
INFO: Run Behavior\BuildLiteBehavior [ RunTime:0.000000s ]
INFO: [ app_init ] --END-- [ RunTime:0.000000s ]

[ 2015-06-01T21:27:51+08:00 ] ::1 /thinkphp/index.php/admin/common/images/friend_link/link_06.png
INFO: [ app_init ] --START--
INFO: Run Behavior\BuildLiteBehavior [ RunTime:0.000000s ]
INFO: [ app_init ] --END-- [ RunTime:0.001000s ]

[ 2015-06-01T21:30:38+08:00 ] ::1 /thinkphp/index.php/admin/index/index
INFO: [ app_init ] --START--
INFO: Run Behavior\BuildLiteBehavior [ RunTime:0.000000s ]
INFO: [ app_init ] --END-- [ RunTime:0.000000s ]
INFO: [ app_begin ] --START--
INFO: Run Behavior\ReadHtmlCacheBehavior [ RunTime:0.001000s ]
INFO: [ app_begin ] --END-- [ RunTime:0.001000s ]
INFO: [ view_parse ] --START--
INFO: [ template_filter ] --START--
INFO: Run Behavior\ContentReplaceBehavior [ RunTime:0.001000s ]
INFO: [ template_filter ] --END-- [ RunTime:0.001000s ]
NOTIC: [8192] mysql_query(): The mysql extension is deprecated and will be removed in the future: use mysqli or PDO instead D:\Program Files\xampp\htdocs\thinkphp\Application\Runtime\Cache\Admin\b595b808c2ebeeeb0478ffc30bb4e87a.php 第 12 行.
NOTIC: [2] mysql_fetch_row() expects parameter 1 to be resource, boolean given D:\Program Files\xampp\htdocs\thinkphp\Application\Runtime\Cache\Admin\b595b808c2ebeeeb0478ffc30bb4e87a.php 第 12 行.
NOTIC: [2] mysql_fetch_row() expects parameter 1 to be resource, boolean given D:\Program Files\xampp\htdocs\thinkphp\Application\Runtime\Cache\Admin\b595b808c2ebeeeb0478ffc30bb4e87a.php 第 20 行.
NOTIC: [2] mysql_fetch_row() expects parameter 1 to be resource, boolean given D:\Program Files\xampp\htdocs\thinkphp\Application\Runtime\Cache\Admin\b595b808c2ebeeeb0478ffc30bb4e87a.php 第 28 行.
NOTIC: [2] mysql_fetch_row() expects parameter 1 to be resource, boolean given D:\Program Files\xampp\htdocs\thinkphp\Application\Runtime\Cache\Admin\b595b808c2ebeeeb0478ffc30bb4e87a.php 第 36 行.
NOTIC: [2] mysql_fetch_row() expects parameter 1 to be resource, boolean given D:\Program Files\xampp\htdocs\thinkphp\Application\Runtime\Cache\Admin\b595b808c2ebeeeb0478ffc30bb4e87a.php 第 44 行.
NOTIC: [2] mysql_fetch_row() expects parameter 1 to be resource, boolean given D:\Program Files\xampp\htdocs\thinkphp\Application\Runtime\Cache\Admin\b595b808c2ebeeeb0478ffc30bb4e87a.php 第 52 行.
NOTIC: [2] mysql_fetch_row() expects parameter 1 to be resource, boolean given D:\Program Files\xampp\htdocs\thinkphp\Application\Runtime\Cache\Admin\b595b808c2ebeeeb0478ffc30bb4e87a.php 第 60 行.
NOTIC: [2] mysql_fetch_row() expects parameter 1 to be resource, boolean given D:\Program Files\xampp\htdocs\thinkphp\Application\Runtime\Cache\Admin\b595b808c2ebeeeb0478ffc30bb4e87a.php 第 68 行.
NOTIC: [2] mysql_fetch_row() expects parameter 1 to be resource, boolean given D:\Program Files\xampp\htdocs\thinkphp\Application\Runtime\Cache\Admin\b595b808c2ebeeeb0478ffc30bb4e87a.php 第 76 行.
NOTIC: [2] mysql_fetch_row() expects parameter 1 to be resource, boolean given D:\Program Files\xampp\htdocs\thinkphp\Application\Runtime\Cache\Admin\b595b808c2ebeeeb0478ffc30bb4e87a.php 第 84 行.
INFO: Run Behavior\ParseTemplateBehavior [ RunTime:0.024002s ]
INFO: [ view_parse ] --END-- [ RunTime:0.024002s ]
INFO: [ view_filter ] --START--
INFO: Run Behavior\WriteHtmlCacheBehavior [ RunTime:0.000000s ]
INFO: [ view_filter ] --END-- [ RunTime:0.000000s ]
INFO: [ app_end ] --START--
INFO: Run Behavior\ShowPageTraceBehavior [ RunTime:0.001000s ]
INFO: [ app_end ] --END-- [ RunTime:0.001000s ]

[ 2015-06-01T21:30:38+08:00 ] ::1 /thinkphp/index.php/admin/common/images/friend_link/link_03.png
INFO: [ app_init ] --START--
INFO: Run Behavior\BuildLiteBehavior [ RunTime:0.000000s ]
INFO: [ app_init ] --END-- [ RunTime:0.001000s ]

[ 2015-06-01T21:30:38+08:00 ] ::1 /thinkphp/index.php/admin/common/images/friend_link/link_01.png
INFO: [ app_init ] --START--
INFO: Run Behavior\BuildLiteBehavior [ RunTime:0.000000s ]
INFO: [ app_init ] --END-- [ RunTime:0.000000s ]

[ 2015-06-01T21:30:38+08:00 ] ::1 /thinkphp/index.php/admin/common/images/friend_link/link_04.png
INFO: [ app_init ] --START--
INFO: Run Behavior\BuildLiteBehavior [ RunTime:0.000000s ]
INFO: [ app_init ] --END-- [ RunTime:0.001000s ]

[ 2015-06-01T21:30:38+08:00 ] ::1 /thinkphp/index.php/admin/common/images/friend_link/link_07.png
INFO: [ app_init ] --START--
INFO: Run Behavior\BuildLiteBehavior [ RunTime:0.000000s ]
INFO: [ app_init ] --END-- [ RunTime:0.000000s ]

[ 2015-06-01T21:30:38+08:00 ] ::1 /thinkphp/index.php/admin/common/images/friend_link/link_05.png
INFO: [ app_init ] --START--
INFO: Run Behavior\BuildLiteBehavior [ RunTime:0.000000s ]
INFO: [ app_init ] --END-- [ RunTime:0.001000s ]

[ 2015-06-01T21:30:38+08:00 ] ::1 /thinkphp/index.php/admin/common/images/friend_link/link_08.png
INFO: [ app_init ] --START--
INFO: Run Behavior\BuildLiteBehavior [ RunTime:0.000000s ]
INFO: [ app_init ] --END-- [ RunTime:0.000000s ]

[ 2015-06-01T21:30:38+08:00 ] ::1 /thinkphp/index.php/admin/common/images/friend_link/link_06.png
INFO: [ app_init ] --START--
INFO: Run Behavior\BuildLiteBehavior [ RunTime:0.000000s ]
INFO: [ app_init ] --END-- [ RunTime:0.000000s ]

[ 2015-06-01T21:30:38+08:00 ] ::1 /thinkphp/index.php/admin/common/images/friend_link/link_02.png
INFO: [ app_init ] --START--
INFO: Run Behavior\BuildLiteBehavior [ RunTime:0.000000s ]
INFO: [ app_init ] --END-- [ RunTime:0.001000s ]

[ 2015-06-01T21:30:38+08:00 ] ::1 /thinkphp/index.php/admin/common/images/friend_link/link_10.png
INFO: [ app_init ] --START--
INFO: Run Behavior\BuildLiteBehavior [ RunTime:0.000000s ]
INFO: [ app_init ] --END-- [ RunTime:0.001000s ]

[ 2015-06-01T21:30:38+08:00 ] ::1 /thinkphp/index.php/admin/common/images/friend_link/link_09.png
INFO: [ app_init ] --START--
INFO: Run Behavior\BuildLiteBehavior [ RunTime:0.000000s ]
INFO: [ app_init ] --END-- [ RunTime:0.000000s ]

[ 2015-06-01T21:32:57+08:00 ] ::1 /thinkphp/index.php/admin/index/index
INFO: [ app_init ] --START--
INFO: Run Behavior\BuildLiteBehavior [ RunTime:0.000000s ]
INFO: [ app_init ] --END-- [ RunTime:0.001000s ]
INFO: [ app_begin ] --START--
INFO: Run Behavior\ReadHtmlCacheBehavior [ RunTime:0.001000s ]
INFO: [ app_begin ] --END-- [ RunTime:0.001000s ]
INFO: [ view_parse ] --START--
INFO: [ template_filter ] --START--
INFO: Run Behavior\ContentReplaceBehavior [ RunTime:0.000000s ]
INFO: [ template_filter ] --END-- [ RunTime:0.000000s ]
NOTIC: [8192] mysql_query(): The mysql extension is deprecated and will be removed in the future: use mysqli or PDO instead D:\Program Files\xampp\htdocs\thinkphp\Application\Runtime\Cache\Admin\b595b808c2ebeeeb0478ffc30bb4e87a.php 第 14 行.
NOTIC: [2] mysql_fetch_row() expects parameter 1 to be resource, boolean given D:\Program Files\xampp\htdocs\thinkphp\Application\Runtime\Cache\Admin\b595b808c2ebeeeb0478ffc30bb4e87a.php 第 14 行.
NOTIC: [2] mysql_fetch_row() expects parameter 1 to be resource, boolean given D:\Program Files\xampp\htdocs\thinkphp\Application\Runtime\Cache\Admin\b595b808c2ebeeeb0478ffc30bb4e87a.php 第 22 行.
NOTIC: [2] mysql_fetch_row() expects parameter 1 to be resource, boolean given D:\Program Files\xampp\htdocs\thinkphp\Application\Runtime\Cache\Admin\b595b808c2ebeeeb0478ffc30bb4e87a.php 第 30 行.
NOTIC: [2] mysql_fetch_row() expects parameter 1 to be resource, boolean given D:\Program Files\xampp\htdocs\thinkphp\Application\Runtime\Cache\Admin\b595b808c2ebeeeb0478ffc30bb4e87a.php 第 38 行.
NOTIC: [2] mysql_fetch_row() expects parameter 1 to be resource, boolean given D:\Program Files\xampp\htdocs\thinkphp\Application\Runtime\Cache\Admin\b595b808c2ebeeeb0478ffc30bb4e87a.php 第 46 行.
NOTIC: [2] mysql_fetch_row() expects parameter 1 to be resource, boolean given D:\Program Files\xampp\htdocs\thinkphp\Application\Runtime\Cache\Admin\b595b808c2ebeeeb0478ffc30bb4e87a.php 第 54 行.
NOTIC: [2] mysql_fetch_row() expects parameter 1 to be resource, boolean given D:\Program Files\xampp\htdocs\thinkphp\Application\Runtime\Cache\Admin\b595b808c2ebeeeb0478ffc30bb4e87a.php 第 62 行.
NOTIC: [2] mysql_fetch_row() expects parameter 1 to be resource, boolean given D:\Program Files\xampp\htdocs\thinkphp\Application\Runtime\Cache\Admin\b595b808c2ebeeeb0478ffc30bb4e87a.php 第 70 行.
NOTIC: [2] mysql_fetch_row() expects parameter 1 to be resource, boolean given D:\Program Files\xampp\htdocs\thinkphp\Application\Runtime\Cache\Admin\b595b808c2ebeeeb0478ffc30bb4e87a.php 第 78 行.
NOTIC: [2] mysql_fetch_row() expects parameter 1 to be resource, boolean given D:\Program Files\xampp\htdocs\thinkphp\Application\Runtime\Cache\Admin\b595b808c2ebeeeb0478ffc30bb4e87a.php 第 86 行.
INFO: Run Behavior\ParseTemplateBehavior [ RunTime:0.014000s ]
INFO: [ view_parse ] --END-- [ RunTime:0.014000s ]
INFO: [ view_filter ] --START--
INFO: Run Behavior\WriteHtmlCacheBehavior [ RunTime:0.000000s ]
INFO: [ view_filter ] --END-- [ RunTime:0.000000s ]
INFO: [ app_end ] --START--
INFO: Run Behavior\ShowPageTraceBehavior [ RunTime:0.001000s ]
INFO: [ app_end ] --END-- [ RunTime:0.001000s ]

[ 2015-06-01T21:32:57+08:00 ] ::1 /thinkphp/index.php/admin/common/images/friend_link/link_01.png
INFO: [ app_init ] --START--
INFO: Run Behavior\BuildLiteBehavior [ RunTime:0.000000s ]
INFO: [ app_init ] --END-- [ RunTime:0.001000s ]

[ 2015-06-01T21:32:57+08:00 ] ::1 /thinkphp/index.php/admin/common/images/friend_link/link_02.png
INFO: [ app_init ] --START--
INFO: Run Behavior\BuildLiteBehavior [ RunTime:0.000000s ]
INFO: [ app_init ] --END-- [ RunTime:0.001000s ]

[ 2015-06-01T21:32:57+08:00 ] ::1 /thinkphp/index.php/admin/common/images/friend_link/link_03.png
INFO: [ app_init ] --START--
INFO: Run Behavior\BuildLiteBehavior [ RunTime:0.000000s ]
INFO: [ app_init ] --END-- [ RunTime:0.003000s ]

[ 2015-06-01T21:32:57+08:00 ] ::1 /thinkphp/index.php/admin/common/images/friend_link/link_04.png
INFO: [ app_init ] --START--
INFO: Run Behavior\BuildLiteBehavior [ RunTime:0.000000s ]
INFO: [ app_init ] --END-- [ RunTime:0.001000s ]

[ 2015-06-01T21:32:57+08:00 ] ::1 /thinkphp/index.php/admin/common/images/friend_link/link_05.png
INFO: [ app_init ] --START--
INFO: Run Behavior\BuildLiteBehavior [ RunTime:0.000000s ]
INFO: [ app_init ] --END-- [ RunTime:0.001000s ]

[ 2015-06-01T21:32:57+08:00 ] ::1 /thinkphp/index.php/admin/common/images/friend_link/link_09.png
INFO: [ app_init ] --START--
INFO: Run Behavior\BuildLiteBehavior [ RunTime:0.000000s ]
INFO: [ app_init ] --END-- [ RunTime:0.001000s ]

[ 2015-06-01T21:32:57+08:00 ] ::1 /thinkphp/index.php/admin/common/images/friend_link/link_10.png
INFO: [ app_init ] --START--
INFO: Run Behavior\BuildLiteBehavior [ RunTime:0.000000s ]
INFO: [ app_init ] --END-- [ RunTime:0.000000s ]

[ 2015-06-01T21:32:57+08:00 ] ::1 /thinkphp/index.php/admin/common/images/friend_link/link_08.png
INFO: [ app_init ] --START--
INFO: Run Behavior\BuildLiteBehavior [ RunTime:0.000000s ]
INFO: [ app_init ] --END-- [ RunTime:0.001000s ]

[ 2015-06-01T21:32:57+08:00 ] ::1 /thinkphp/index.php/admin/common/images/friend_link/link_07.png
INFO: [ app_init ] --START--
INFO: Run Behavior\BuildLiteBehavior [ RunTime:0.000000s ]
INFO: [ app_init ] --END-- [ RunTime:0.001001s ]

[ 2015-06-01T21:32:57+08:00 ] ::1 /thinkphp/index.php/admin/common/images/friend_link/link_06.png
INFO: [ app_init ] --START--
INFO: Run Behavior\BuildLiteBehavior [ RunTime:0.000000s ]
INFO: [ app_init ] --END-- [ RunTime:0.001000s ]

[ 2015-06-01T21:36:05+08:00 ] ::1 /thinkphp/index.php/admin/Navigation/index
INFO: [ app_init ] --START--
INFO: Run Behavior\BuildLiteBehavior [ RunTime:0.000000s ]
INFO: [ app_init ] --END-- [ RunTime:0.038002s ]
INFO: [ app_begin ] --START--
INFO: Run Behavior\ReadHtmlCacheBehavior [ RunTime:0.035002s ]
INFO: [ app_begin ] --END-- [ RunTime:0.035002s ]
ERR: 无法加载控制器:Navigation

[ 2015-06-01T21:36:13+08:00 ] ::1 /thinkphp/index.php/admin/navigation/index
INFO: [ app_init ] --START--
INFO: Run Behavior\BuildLiteBehavior [ RunTime:0.000000s ]
INFO: [ app_init ] --END-- [ RunTime:0.000000s ]
INFO: [ app_begin ] --START--
INFO: Run Behavior\ReadHtmlCacheBehavior [ RunTime:0.001000s ]
INFO: [ app_begin ] --END-- [ RunTime:0.001000s ]
ERR: 无法加载控制器:Navigation

[ 2015-06-01T21:36:19+08:00 ] ::1 /thinkphp/index.php/admin/index/navigation/index
INFO: [ app_init ] --START--
INFO: Run Behavior\BuildLiteBehavior [ RunTime:0.000000s ]
INFO: [ app_init ] --END-- [ RunTime:0.001000s ]
INFO: [ app_begin ] --START--
INFO: Run Behavior\ReadHtmlCacheBehavior [ RunTime:0.001000s ]
INFO: [ app_begin ] --END-- [ RunTime:0.001000s ]
ERR: 模板不存在:./Application/Admin/View/Index/navigation.html

[ 2015-06-01T21:36:25+08:00 ] ::1 /thinkphp/index.php/admin/index/navigation/
INFO: [ app_init ] --START--
INFO: Run Behavior\BuildLiteBehavior [ RunTime:0.000000s ]
INFO: [ app_init ] --END-- [ RunTime:0.001000s ]
INFO: [ app_begin ] --START--
INFO: Run Behavior\ReadHtmlCacheBehavior [ RunTime:0.001000s ]
INFO: [ app_begin ] --END-- [ RunTime:0.001000s ]
ERR: 模板不存在:./Application/Admin/View/Index/navigation.html

[ 2015-06-01T21:36:33+08:00 ] ::1 /thinkphp/index.php/admin/index/navigation/
INFO: [ app_init ] --START--
INFO: Run Behavior\BuildLiteBehavior [ RunTime:0.000000s ]
INFO: [ app_init ] --END-- [ RunTime:0.000000s ]
INFO: [ app_begin ] --START--
INFO: Run Behavior\ReadHtmlCacheBehavior [ RunTime:0.000000s ]
INFO: [ app_begin ] --END-- [ RunTime:0.001000s ]
ERR: 模板不存在:./Application/Admin/View/Index/navigation.html

[ 2015-06-01T21:36:41+08:00 ] ::1 /thinkphp/index.php/admin/navigation/
INFO: [ app_init ] --START--
INFO: Run Behavior\BuildLiteBehavior [ RunTime:0.000000s ]
INFO: [ app_init ] --END-- [ RunTime:0.000000s ]
INFO: [ app_begin ] --START--
INFO: Run Behavior\ReadHtmlCacheBehavior [ RunTime:0.001000s ]
INFO: [ app_begin ] --END-- [ RunTime:0.001000s ]
ERR: 无法加载控制器:Navigation

[ 2015-06-01T21:37:00+08:00 ] ::1 /thinkphp/index.php/admin/index/navigation/inxdex
INFO: [ app_init ] --START--
INFO: Run Behavior\BuildLiteBehavior [ RunTime:0.000000s ]
INFO: [ app_init ] --END-- [ RunTime:0.000000s ]
INFO: [ app_begin ] --START--
INFO: Run Behavior\ReadHtmlCacheBehavior [ RunTime:0.001000s ]
INFO: [ app_begin ] --END-- [ RunTime:0.001000s ]
ERR: 模板不存在:./Application/Admin/View/Index/navigation.html

[ 2015-06-01T21:37:04+08:00 ] ::1 /thinkphp/index.php/admin/index/navigation/index
INFO: [ app_init ] --START--
INFO: Run Behavior\BuildLiteBehavior [ RunTime:0.000000s ]
INFO: [ app_init ] --END-- [ RunTime:0.000000s ]
INFO: [ app_begin ] --START--
INFO: Run Behavior\ReadHtmlCacheBehavior [ RunTime:0.001000s ]
INFO: [ app_begin ] --END-- [ RunTime:0.001000s ]
ERR: 模板不存在:./Application/Admin/View/Index/navigation.html

[ 2015-06-01T21:37:20+08:00 ] ::1 /thinkphp/index.php/admin/index/index
INFO: [ app_init ] --START--
INFO: Run Behavior\BuildLiteBehavior [ RunTime:0.000000s ]
INFO: [ app_init ] --END-- [ RunTime:0.001000s ]
INFO: [ app_begin ] --START--
INFO: Run Behavior\ReadHtmlCacheBehavior [ RunTime:0.001000s ]
INFO: [ app_begin ] --END-- [ RunTime:0.001000s ]
ERR: 非法操作:index

[ 2015-06-01T21:37:41+08:00 ] ::1 /thinkphp/index.php/admin/index/navigation
INFO: [ app_init ] --START--
INFO: Run Behavior\BuildLiteBehavior [ RunTime:0.000000s ]
INFO: [ app_init ] --END-- [ RunTime:0.000000s ]
INFO: [ app_begin ] --START--
INFO: Run Behavior\ReadHtmlCacheBehavior [ RunTime:0.000000s ]
INFO: [ app_begin ] --END-- [ RunTime:0.000000s ]
ERR: 模板不存在:./Application/Admin/View/Index/navigation.html

[ 2015-06-01T21:38:50+08:00 ] ::1 /thinkphp/index.php/admin/index/navigation
INFO: [ app_init ] --START--
INFO: Run Behavior\BuildLiteBehavior [ RunTime:0.000000s ]
INFO: [ app_init ] --END-- [ RunTime:0.000000s ]
INFO: [ app_begin ] --START--
INFO: Run Behavior\ReadHtmlCacheBehavior [ RunTime:0.000000s ]
INFO: [ app_begin ] --END-- [ RunTime:0.000000s ]
ERR: 模板不存在:./Application/Admin/View/Index/navigation.html

[ 2015-06-01T21:39:06+08:00 ] ::1 /thinkphp/index.php/admin/navigation
INFO: [ app_init ] --START--
INFO: Run Behavior\BuildLiteBehavior [ RunTime:0.000000s ]
INFO: [ app_init ] --END-- [ RunTime:0.001000s ]
INFO: [ app_begin ] --START--
INFO: Run Behavior\ReadHtmlCacheBehavior [ RunTime:0.000000s ]
INFO: [ app_begin ] --END-- [ RunTime:0.000000s ]
ERR: 无法加载控制器:Navigation

[ 2015-06-01T21:39:54+08:00 ] ::1 /thinkphp/index.php/admin/navigation
INFO: [ app_init ] --START--
INFO: Run Behavior\BuildLiteBehavior [ RunTime:0.000000s ]
INFO: [ app_init ] --END-- [ RunTime:0.000000s ]
INFO: [ app_begin ] --START--
INFO: Run Behavior\ReadHtmlCacheBehavior [ RunTime:0.000000s ]
INFO: [ app_begin ] --END-- [ RunTime:0.001000s ]
INFO: [ view_parse ] --START--
INFO: [ template_filter ] --START--
INFO: Run Behavior\ContentReplaceBehavior [ RunTime:0.000000s ]
INFO: [ template_filter ] --END-- [ RunTime:0.000000s ]
NOTIC: [8192] mysql_query(): The mysql extension is deprecated and will be removed in the future: use mysqli or PDO instead D:\Program Files\xampp\htdocs\thinkphp\Application\Runtime\Cache\Admin\33c76b39ba8e8172c58702e5724629e5.php 第 14 行.
NOTIC: [2] mysql_fetch_row() expects parameter 1 to be resource, boolean given D:\Program Files\xampp\htdocs\thinkphp\Application\Runtime\Cache\Admin\33c76b39ba8e8172c58702e5724629e5.php 第 14 行.
NOTIC: [2] mysql_fetch_row() expects parameter 1 to be resource, boolean given D:\Program Files\xampp\htdocs\thinkphp\Application\Runtime\Cache\Admin\33c76b39ba8e8172c58702e5724629e5.php 第 22 行.
NOTIC: [2] mysql_fetch_row() expects parameter 1 to be resource, boolean given D:\Program Files\xampp\htdocs\thinkphp\Application\Runtime\Cache\Admin\33c76b39ba8e8172c58702e5724629e5.php 第 30 行.
NOTIC: [2] mysql_fetch_row() expects parameter 1 to be resource, boolean given D:\Program Files\xampp\htdocs\thinkphp\Application\Runtime\Cache\Admin\33c76b39ba8e8172c58702e5724629e5.php 第 38 行.
NOTIC: [2] mysql_fetch_row() expects parameter 1 to be resource, boolean given D:\Program Files\xampp\htdocs\thinkphp\Application\Runtime\Cache\Admin\33c76b39ba8e8172c58702e5724629e5.php 第 46 行.
NOTIC: [2] mysql_fetch_row() expects parameter 1 to be resource, boolean given D:\Program Files\xampp\htdocs\thinkphp\Application\Runtime\Cache\Admin\33c76b39ba8e8172c58702e5724629e5.php 第 54 行.
NOTIC: [2] mysql_fetch_row() expects parameter 1 to be resource, boolean given D:\Program Files\xampp\htdocs\thinkphp\Application\Runtime\Cache\Admin\33c76b39ba8e8172c58702e5724629e5.php 第 62 行.
NOTIC: [2] mysql_fetch_row() expects parameter 1 to be resource, boolean given D:\Program Files\xampp\htdocs\thinkphp\Application\Runtime\Cache\Admin\33c76b39ba8e8172c58702e5724629e5.php 第 70 行.
NOTIC: [2] mysql_fetch_row() expects parameter 1 to be resource, boolean given D:\Program Files\xampp\htdocs\thinkphp\Application\Runtime\Cache\Admin\33c76b39ba8e8172c58702e5724629e5.php 第 78 行.
NOTIC: [2] mysql_fetch_row() expects parameter 1 to be resource, boolean given D:\Program Files\xampp\htdocs\thinkphp\Application\Runtime\Cache\Admin\33c76b39ba8e8172c58702e5724629e5.php 第 86 行.
INFO: Run Behavior\ParseTemplateBehavior [ RunTime:0.068004s ]
INFO: [ view_parse ] --END-- [ RunTime:0.068004s ]
INFO: [ view_filter ] --START--
INFO: Run Behavior\WriteHtmlCacheBehavior [ RunTime:0.015001s ]
INFO: [ view_filter ] --END-- [ RunTime:0.015001s ]
INFO: [ app_end ] --START--
INFO: Run Behavior\ShowPageTraceBehavior [ RunTime:0.021001s ]
INFO: [ app_end ] --END-- [ RunTime:0.021001s ]

[ 2015-06-01T21:40:51+08:00 ] ::1 /thinkphp/index.php/admin/navigation
INFO: [ app_init ] --START--
INFO: Run Behavior\BuildLiteBehavior [ RunTime:0.000000s ]
INFO: [ app_init ] --END-- [ RunTime:0.000000s ]
INFO: [ app_begin ] --START--
INFO: Run Behavior\ReadHtmlCacheBehavior [ RunTime:0.001000s ]
INFO: [ app_begin ] --END-- [ RunTime:0.001000s ]
INFO: [ view_parse ] --START--
INFO: [ template_filter ] --START--
INFO: Run Behavior\ContentReplaceBehavior [ RunTime:0.000000s ]
INFO: [ template_filter ] --END-- [ RunTime:0.001000s ]
NOTIC: [8192] mysql_query(): The mysql extension is deprecated and will be removed in the future: use mysqli or PDO instead D:\Program Files\xampp\htdocs\thinkphp\Application\Runtime\Cache\Admin\33c76b39ba8e8172c58702e5724629e5.php 第 14 行.
NOTIC: [2] mysql_fetch_row() expects parameter 1 to be resource, boolean given D:\Program Files\xampp\htdocs\thinkphp\Application\Runtime\Cache\Admin\33c76b39ba8e8172c58702e5724629e5.php 第 14 行.
NOTIC: [2] mysql_fetch_row() expects parameter 1 to be resource, boolean given D:\Program Files\xampp\htdocs\thinkphp\Application\Runtime\Cache\Admin\33c76b39ba8e8172c58702e5724629e5.php 第 22 行.
NOTIC: [2] mysql_fetch_row() expects parameter 1 to be resource, boolean given D:\Program Files\xampp\htdocs\thinkphp\Application\Runtime\Cache\Admin\33c76b39ba8e8172c58702e5724629e5.php 第 30 行.
NOTIC: [2] mysql_fetch_row() expects parameter 1 to be resource, boolean given D:\Program Files\xampp\htdocs\thinkphp\Application\Runtime\Cache\Admin\33c76b39ba8e8172c58702e5724629e5.php 第 38 行.
NOTIC: [2] mysql_fetch_row() expects parameter 1 to be resource, boolean given D:\Program Files\xampp\htdocs\thinkphp\Application\Runtime\Cache\Admin\33c76b39ba8e8172c58702e5724629e5.php 第 46 行.
NOTIC: [2] mysql_fetch_row() expects parameter 1 to be resource, boolean given D:\Program Files\xampp\htdocs\thinkphp\Application\Runtime\Cache\Admin\33c76b39ba8e8172c58702e5724629e5.php 第 54 行.
NOTIC: [2] mysql_fetch_row() expects parameter 1 to be resource, boolean given D:\Program Files\xampp\htdocs\thinkphp\Application\Runtime\Cache\Admin\33c76b39ba8e8172c58702e5724629e5.php 第 62 行.
NOTIC: [2] mysql_fetch_row() expects parameter 1 to be resource, boolean given D:\Program Files\xampp\htdocs\thinkphp\Application\Runtime\Cache\Admin\33c76b39ba8e8172c58702e5724629e5.php 第 70 行.
NOTIC: [2] mysql_fetch_row() expects parameter 1 to be resource, boolean given D:\Program Files\xampp\htdocs\thinkphp\Application\Runtime\Cache\Admin\33c76b39ba8e8172c58702e5724629e5.php 第 78 行.
NOTIC: [2] mysql_fetch_row() expects parameter 1 to be resource, boolean given D:\Program Files\xampp\htdocs\thinkphp\Application\Runtime\Cache\Admin\33c76b39ba8e8172c58702e5724629e5.php 第 86 行.
INFO: Run Behavior\ParseTemplateBehavior [ RunTime:0.048003s ]
INFO: [ view_parse ] --END-- [ RunTime:0.048003s ]
INFO: [ view_filter ] --START--
INFO: Run Behavior\WriteHtmlCacheBehavior [ RunTime:0.001000s ]
INFO: [ view_filter ] --END-- [ RunTime:0.001000s ]
INFO: [ app_end ] --START--
INFO: Run Behavior\ShowPageTraceBehavior [ RunTime:0.001000s ]
INFO: [ app_end ] --END-- [ RunTime:0.001000s ]

[ 2015-06-01T21:40:52+08:00 ] ::1 /thinkphp/index.php/admin/navigation
INFO: [ app_init ] --START--
INFO: Run Behavior\BuildLiteBehavior [ RunTime:0.000000s ]
INFO: [ app_init ] --END-- [ RunTime:0.001000s ]
INFO: [ app_begin ] --START--
INFO: Run Behavior\ReadHtmlCacheBehavior [ RunTime:0.001000s ]
INFO: [ app_begin ] --END-- [ RunTime:0.001000s ]
INFO: [ view_parse ] --START--
INFO: [ template_filter ] --START--
INFO: Run Behavior\ContentReplaceBehavior [ RunTime:0.000000s ]
INFO: [ template_filter ] --END-- [ RunTime:0.000000s ]
NOTIC: [8192] mysql_query(): The mysql extension is deprecated and will be removed in the future: use mysqli or PDO instead D:\Program Files\xampp\htdocs\thinkphp\Application\Runtime\Cache\Admin\33c76b39ba8e8172c58702e5724629e5.php 第 14 行.
NOTIC: [2] mysql_fetch_row() expects parameter 1 to be resource, boolean given D:\Program Files\xampp\htdocs\thinkphp\Application\Runtime\Cache\Admin\33c76b39ba8e8172c58702e5724629e5.php 第 14 行.
NOTIC: [2] mysql_fetch_row() expects parameter 1 to be resource, boolean given D:\Program Files\xampp\htdocs\thinkphp\Application\Runtime\Cache\Admin\33c76b39ba8e8172c58702e5724629e5.php 第 22 行.
NOTIC: [2] mysql_fetch_row() expects parameter 1 to be resource, boolean given D:\Program Files\xampp\htdocs\thinkphp\Application\Runtime\Cache\Admin\33c76b39ba8e8172c58702e5724629e5.php 第 30 行.
NOTIC: [2] mysql_fetch_row() expects parameter 1 to be resource, boolean given D:\Program Files\xampp\htdocs\thinkphp\Application\Runtime\Cache\Admin\33c76b39ba8e8172c58702e5724629e5.php 第 38 行.
NOTIC: [2] mysql_fetch_row() expects parameter 1 to be resource, boolean given D:\Program Files\xampp\htdocs\thinkphp\Application\Runtime\Cache\Admin\33c76b39ba8e8172c58702e5724629e5.php 第 46 行.
NOTIC: [2] mysql_fetch_row() expects parameter 1 to be resource, boolean given D:\Program Files\xampp\htdocs\thinkphp\Application\Runtime\Cache\Admin\33c76b39ba8e8172c58702e5724629e5.php 第 54 行.
NOTIC: [2] mysql_fetch_row() expects parameter 1 to be resource, boolean given D:\Program Files\xampp\htdocs\thinkphp\Application\Runtime\Cache\Admin\33c76b39ba8e8172c58702e5724629e5.php 第 62 行.
NOTIC: [2] mysql_fetch_row() expects parameter 1 to be resource, boolean given D:\Program Files\xampp\htdocs\thinkphp\Application\Runtime\Cache\Admin\33c76b39ba8e8172c58702e5724629e5.php 第 70 行.
NOTIC: [2] mysql_fetch_row() expects parameter 1 to be resource, boolean given D:\Program Files\xampp\htdocs\thinkphp\Application\Runtime\Cache\Admin\33c76b39ba8e8172c58702e5724629e5.php 第 78 行.
NOTIC: [2] mysql_fetch_row() expects parameter 1 to be resource, boolean given D:\Program Files\xampp\htdocs\thinkphp\Application\Runtime\Cache\Admin\33c76b39ba8e8172c58702e5724629e5.php 第 86 行.
INFO: Run Behavior\ParseTemplateBehavior [ RunTime:0.017001s ]
INFO: [ view_parse ] --END-- [ RunTime:0.017001s ]
INFO: [ view_filter ] --START--
INFO: Run Behavior\WriteHtmlCacheBehavior [ RunTime:0.000000s ]
INFO: [ view_filter ] --END-- [ RunTime:0.000000s ]
INFO: [ app_end ] --START--
INFO: Run Behavior\ShowPageTraceBehavior [ RunTime:0.001000s ]
INFO: [ app_end ] --END-- [ RunTime:0.001000s ]

[ 2015-06-01T21:42:35+08:00 ] ::1 /thinkphp/index.php/admin/navigation
INFO: [ app_init ] --START--
INFO: Run Behavior\BuildLiteBehavior [ RunTime:0.000000s ]
INFO: [ app_init ] --END-- [ RunTime:0.001000s ]
INFO: [ app_begin ] --START--
INFO: Run Behavior\ReadHtmlCacheBehavior [ RunTime:0.000000s ]
INFO: [ app_begin ] --END-- [ RunTime:0.001000s ]
INFO: [ view_parse ] --START--
INFO: [ template_filter ] --START--
INFO: Run Behavior\ContentReplaceBehavior [ RunTime:0.000000s ]
INFO: [ template_filter ] --END-- [ RunTime:0.000000s ]
NOTIC: [8192] mysql_query(): The mysql extension is deprecated and will be removed in the future: use mysqli or PDO instead D:\Program Files\xampp\htdocs\thinkphp\Application\Runtime\Cache\Admin\33c76b39ba8e8172c58702e5724629e5.php 第 14 行.
NOTIC: [2] mysql_fetch_row() expects parameter 1 to be resource, boolean given D:\Program Files\xampp\htdocs\thinkphp\Application\Runtime\Cache\Admin\33c76b39ba8e8172c58702e5724629e5.php 第 14 行.
NOTIC: [2] mysql_fetch_row() expects parameter 1 to be resource, boolean given D:\Program Files\xampp\htdocs\thinkphp\Application\Runtime\Cache\Admin\33c76b39ba8e8172c58702e5724629e5.php 第 22 行.
NOTIC: [2] mysql_fetch_row() expects parameter 1 to be resource, boolean given D:\Program Files\xampp\htdocs\thinkphp\Application\Runtime\Cache\Admin\33c76b39ba8e8172c58702e5724629e5.php 第 30 行.
NOTIC: [2] mysql_fetch_row() expects parameter 1 to be resource, boolean given D:\Program Files\xampp\htdocs\thinkphp\Application\Runtime\Cache\Admin\33c76b39ba8e8172c58702e5724629e5.php 第 38 行.
NOTIC: [2] mysql_fetch_row() expects parameter 1 to be resource, boolean given D:\Program Files\xampp\htdocs\thinkphp\Application\Runtime\Cache\Admin\33c76b39ba8e8172c58702e5724629e5.php 第 46 行.
NOTIC: [2] mysql_fetch_row() expects parameter 1 to be resource, boolean given D:\Program Files\xampp\htdocs\thinkphp\Application\Runtime\Cache\Admin\33c76b39ba8e8172c58702e5724629e5.php 第 54 行.
NOTIC: [2] mysql_fetch_row() expects parameter 1 to be resource, boolean given D:\Program Files\xampp\htdocs\thinkphp\Application\Runtime\Cache\Admin\33c76b39ba8e8172c58702e5724629e5.php 第 62 行.
NOTIC: [2] mysql_fetch_row() expects parameter 1 to be resource, boolean given D:\Program Files\xampp\htdocs\thinkphp\Application\Runtime\Cache\Admin\33c76b39ba8e8172c58702e5724629e5.php 第 70 行.
NOTIC: [2] mysql_fetch_row() expects parameter 1 to be resource, boolean given D:\Program Files\xampp\htdocs\thinkphp\Application\Runtime\Cache\Admin\33c76b39ba8e8172c58702e5724629e5.php 第 78 行.
NOTIC: [2] mysql_fetch_row() expects parameter 1 to be resource, boolean given D:\Program Files\xampp\htdocs\thinkphp\Application\Runtime\Cache\Admin\33c76b39ba8e8172c58702e5724629e5.php 第 86 行.
INFO: Run Behavior\ParseTemplateBehavior [ RunTime:0.014001s ]
INFO: [ view_parse ] --END-- [ RunTime:0.014001s ]
INFO: [ view_filter ] --START--
INFO: Run Behavior\WriteHtmlCacheBehavior [ RunTime:0.000000s ]
INFO: [ view_filter ] --END-- [ RunTime:0.001000s ]
INFO: [ app_end ] --START--
INFO: Run Behavior\ShowPageTraceBehavior [ RunTime:0.000000s ]
INFO: [ app_end ] --END-- [ RunTime:0.000000s ]

[ 2015-06-01T21:42:48+08:00 ] ::1 /thinkphp/index.php/admin/navigation/copyright
INFO: [ app_init ] --START--
INFO: Run Behavior\BuildLiteBehavior [ RunTime:0.000000s ]
INFO: [ app_init ] --END-- [ RunTime:0.000000s ]
INFO: [ app_begin ] --START--
INFO: Run Behavior\ReadHtmlCacheBehavior [ RunTime:0.001000s ]
INFO: [ app_begin ] --END-- [ RunTime:0.001000s ]
INFO: [ view_parse ] --START--
INFO: [ template_filter ] --START--
INFO: Run Behavior\ContentReplaceBehavior [ RunTime:0.000000s ]
INFO: [ template_filter ] --END-- [ RunTime:0.000000s ]
NOTIC: [2] include(connect.php): failed to open stream: No such file or directory D:\Program Files\xampp\htdocs\thinkphp\Application\Runtime\Cache\Admin\1a453455e0f34228f4436bc5e073c45e.php 第 9 行.
NOTIC: [2] include(): Failed opening 'connect.php' for inclusion (include_path='.;D:\Program Files\xampp\php\PEAR') D:\Program Files\xampp\htdocs\thinkphp\Application\Runtime\Cache\Admin\1a453455e0f34228f4436bc5e073c45e.php 第 9 行.
NOTIC: [8192] mysql_query(): The mysql extension is deprecated and will be removed in the future: use mysqli or PDO instead D:\Program Files\xampp\htdocs\thinkphp\Application\Runtime\Cache\Admin\1a453455e0f34228f4436bc5e073c45e.php 第 9 行.
NOTIC: [2] mysql_fetch_row() expects parameter 1 to be resource, boolean given D:\Program Files\xampp\htdocs\thinkphp\Application\Runtime\Cache\Admin\1a453455e0f34228f4436bc5e073c45e.php 第 28 行.
NOTIC: [2] mysql_fetch_row() expects parameter 1 to be resource, boolean given D:\Program Files\xampp\htdocs\thinkphp\Application\Runtime\Cache\Admin\1a453455e0f34228f4436bc5e073c45e.php 第 40 行.
INFO: Run Behavior\ParseTemplateBehavior [ RunTime:0.579033s ]
INFO: [ view_parse ] --END-- [ RunTime:0.579033s ]
INFO: [ view_filter ] --START--
INFO: Run Behavior\WriteHtmlCacheBehavior [ RunTime:0.001000s ]
INFO: [ view_filter ] --END-- [ RunTime:0.001000s ]
INFO: [ app_end ] --START--
INFO: Run Behavior\ShowPageTraceBehavior [ RunTime:0.001000s ]
INFO: [ app_end ] --END-- [ RunTime:0.001000s ]

